<?xml version="1.0" encoding="UTF-8"?>
<!-- Generated by org.testng.reporters.JUnitXMLReporter -->
<testsuite hostname="naza-lenovo" name="Command line test" tests="1" failures="1" timestamp="9 Aug 2014 20:30:22 GMT" time="46.802" errors="0">
  <testcase name="shouldCorrectFind" time="46.769" classname="pl.nazaweb.konkursiaki.game.HorizontallForwardCheckNGTest">
    <failure type="java.lang.AssertionError" message="expected [true] but found [false]">
      <![CDATA[java.lang.AssertionError: expected [true] but found [false]
	at pl.nazaweb.konkursiaki.game.HorizontallForwardCheckNGTest.shouldCorrectFind(HorizontallForwardCheckNGTest.java:57)
... Removed 37 stack frames]]>
    </failure>
  </testcase> <!-- shouldCorrectFind -->
</testsuite> <!-- Command line test -->
